\BOOKMARK [0][-]{chapter.1}{Langevin Dynamics}{}% 1
\BOOKMARK [1][-]{section.1.1}{Basic Equation}{chapter.1}% 2
\BOOKMARK [2][-]{subsection.1.1.1}{The most disordered dynamics as reference}{section.1.1}% 3
\BOOKMARK [2][-]{subsection.1.1.2}{Harmonic Well}{section.1.1}% 4
\BOOKMARK [2][-]{subsection.1.1.3}{Double Well}{section.1.1}% 5
\BOOKMARK [0][-]{chapter.2}{Bayesian Inference Framework}{}% 6
\BOOKMARK [1][-]{section.2.1}{Graphical Model}{chapter.2}% 7
\BOOKMARK [1][-]{section.2.2}{Forward algorithm}{chapter.2}% 8
\BOOKMARK [2][-]{subsection.2.2.1}{Probability Meaning}{section.2.2}% 9
\BOOKMARK [2][-]{subsection.2.2.2}{alpha-t0}{section.2.2}% 10
\BOOKMARK [2][-]{subsection.2.2.3}{alpha-t1}{section.2.2}% 11
\BOOKMARK [2][-]{subsection.2.2.4}{alpha-t2}{section.2.2}% 12
\BOOKMARK [2][-]{subsection.2.2.5}{alpha-t3}{section.2.2}% 13
\BOOKMARK [2][-]{subsection.2.2.6}{alpha-t4}{section.2.2}% 14
\BOOKMARK [1][-]{section.2.3}{Scaling Factor}{chapter.2}% 15
\BOOKMARK [1][-]{section.2.4}{Backward algorithm}{chapter.2}% 16
\BOOKMARK [2][-]{subsection.2.4.1}{Probability Meaning}{section.2.4}% 17
\BOOKMARK [2][-]{subsection.2.4.2}{beta-4}{section.2.4}% 18
\BOOKMARK [2][-]{subsection.2.4.3}{beta-3}{section.2.4}% 19
\BOOKMARK [2][-]{subsection.2.4.4}{beta-2}{section.2.4}% 20
\BOOKMARK [2][-]{subsection.2.4.5}{beta-1}{section.2.4}% 21
\BOOKMARK [1][-]{section.2.5}{Posterior probability}{chapter.2}% 22
\BOOKMARK [0][-]{chapter.3}{Spectral Finite Element Method}{}% 23
\BOOKMARK [1][-]{section.3.1}{Domain of sFEM}{chapter.3}% 24
\BOOKMARK [1][-]{section.3.2}{Weight function, orthogonality and norm}{chapter.3}% 25
\BOOKMARK [1][-]{section.3.3}{Diagonalization of the operator}{chapter.3}% 26
\BOOKMARK [1][-]{section.3.4}{Photon operator and Emission probability}{chapter.3}% 27
\BOOKMARK [0][-]{chapter.4}{EM Algorithm}{}% 28
\BOOKMARK [1][-]{section.4.1}{The General EM Algorithm}{chapter.4}% 29
\BOOKMARK [1][-]{section.4.2}{The expected log of the complete likelihood}{chapter.4}% 30
\BOOKMARK [1][-]{section.4.3}{Update the equilibrium probability density}{chapter.4}% 31
\BOOKMARK [1][-]{section.4.4}{EM Test}{chapter.4}% 32
\BOOKMARK [2][-]{subsection.4.4.1}{Initial Guess Test}{section.4.4}% 33
\BOOKMARK [2][-]{subsection.4.4.2}{Troubleshooting: Double Peak}{section.4.4}% 34
\BOOKMARK [1][-]{section.4.5}{Optimize diffusion coefficient D}{chapter.4}% 35
\BOOKMARK [2][-]{subsection.4.5.1}{Hamiltonian and its eigenvalues scale linearly with diffusion coefficient}{section.4.5}% 36
\BOOKMARK [2][-]{subsection.4.5.2}{Log-likelihood as a function of D}{section.4.5}% 37
\BOOKMARK [1][-]{section.4.6}{Complete EM}{chapter.4}% 38
\BOOKMARK [2][-]{subsection.4.6.1}{Initial Guess by Gaussian Kernel Density Estimation}{section.4.6}% 39
\BOOKMARK [2][-]{subsection.4.6.2}{Algorithm}{section.4.6}% 40
\BOOKMARK [2][-]{subsection.4.6.3}{The data strucutres for storing results}{section.4.6}% 41
\BOOKMARK [2][-]{subsection.4.6.4}{Results}{section.4.6}% 42
\BOOKMARK [1][-]{section.4.7}{Regularization by using Trajectory Entropy}{chapter.4}% 43
\BOOKMARK [0][-]{chapter.5}{Double Well}{}% 44
\BOOKMARK [1][-]{section.5.1}{Building double well by analytical form}{chapter.5}% 45
\BOOKMARK [2][-]{subsection.5.1.1}{Analytical form of potential}{section.5.1}% 46
\BOOKMARK [2][-]{subsection.5.1.2}{Eigenvector}{section.5.1}% 47
\BOOKMARK [1][-]{section.5.2}{Diagonalization of the operator}{chapter.5}% 48
\BOOKMARK [1][-]{section.5.3}{Forward algorithm}{chapter.5}% 49
\BOOKMARK [2][-]{subsection.5.3.1}{Probability Meaning}{section.5.3}% 50
\BOOKMARK [2][-]{subsection.5.3.2}{alpha-t0}{section.5.3}% 51
\BOOKMARK [2][-]{subsection.5.3.3}{alpha-t1}{section.5.3}% 52
\BOOKMARK [2][-]{subsection.5.3.4}{alpha-t2}{section.5.3}% 53
\BOOKMARK [2][-]{subsection.5.3.5}{alpha-t3}{section.5.3}% 54
\BOOKMARK [2][-]{subsection.5.3.6}{alpha-t4}{section.5.3}% 55
\BOOKMARK [1][-]{section.5.4}{Backward algorithm}{chapter.5}% 56
\BOOKMARK [2][-]{subsection.5.4.1}{Probability Meaning}{section.5.4}% 57
\BOOKMARK [2][-]{subsection.5.4.2}{beta-4}{section.5.4}% 58
\BOOKMARK [2][-]{subsection.5.4.3}{beta-3}{section.5.4}% 59
\BOOKMARK [2][-]{subsection.5.4.4}{beta-2}{section.5.4}% 60
\BOOKMARK [2][-]{subsection.5.4.5}{beta-1}{section.5.4}% 61
